<?xml version="1.0" encoding="UTF-8"?>
<testsuite name="ch.zhaw.prog2.philosopher.PhilosopherTest" tests="1" skipped="0" failures="0" errors="0" timestamp="2022-04-14T18:37:41" hostname="TABLET-TRPP7MLB" time="55.075">
  <properties/>
  <testcase name="testPhilosopherTable()" classname="ch.zhaw.prog2.philosopher.PhilosopherTest" time="55.075"/>
  <system-out><![CDATA[Creating table (5 Philosophers, base time = 75ms )
 ...Start deadlock watchdog ...
Starting philosophers ...
Starting Philosopher 4
Starting Philosopher 0
Starting Philosopher 1
Starting Philosopher 3
Starting Philosopher 2
Stopping deadlock watchdog ...
Stopping philosophers ...
Final state: 
PhilosopherTable { running = false
  philosophers = [Philosopher {id=0, state=HUNGRY}, Philosopher {id=1, state=HUNGRY}, Philosopher {id=2, state=THINKING}, Philosopher {id=3, state=HUNGRY}, Philosopher {id=4, state=HUNGRY}]
  forks = [Fork {id=0, state=FREE, owner=-1}, Fork {id=1, state=OCCUPIED, owner=2}, Fork {id=2, state=FREE, owner=-1}, Fork {id=3, state=FREE, owner=-1}, Fork {id=4, state=FREE, owner=-1}]
}
Detected at most 1 concurrent Philosophers acquiring forks
Stopping Philosopher 2
]]></system-out>
  <system-err><![CDATA[Interrupted Philosopher {id=2, state=THINKING} : Interrupted fork delay - sleep interrupted
]]></system-err>
</testsuite>
