<?xml version="1.0" encoding="UTF-8"?>
<testsuite name="ch.zhaw.prog2.heartbeat.PacemakerTest" tests="2" skipped="0" failures="0" errors="0" timestamp="2022-04-22T17:01:36" hostname="TABLET-TRPP7MLB" time="0.029">
  <properties/>
  <testcase name="testSetHeartRateRejectsFrequenciesOutOfRange()" classname="ch.zhaw.prog2.heartbeat.PacemakerTest" time="0.018"/>
  <testcase name="testSetHeartRateAppliesFrequenciesInsideRange()" classname="ch.zhaw.prog2.heartbeat.PacemakerTest" time="0.01"/>
  <system-out><![CDATA[]]></system-out>
  <system-err><![CDATA[]]></system-err>
</testsuite>
